[0.020s] Invoking command in '/home/alphanomeno/tni_ws/build/joy': CMAKE_PREFIX_PATH=/opt/ros/humble /usr/bin/cmake --build /home/alphanomeno/tni_ws/build/joy -- -j2 -l2
[0.101s] [ 40%] Built target joy_node
[0.102s] [ 40%] Built target joy
[0.132s] [ 60%] Built target game_controller_node
[0.132s] [ 80%] Built target game_controller
[0.189s] [100%] Built target joy_enumerate_devices
[0.205s] Invoked command in '/home/alphanomeno/tni_ws/build/joy' returned '0': CMAKE_PREFIX_PATH=/opt/ros/humble /usr/bin/cmake --build /home/alphanomeno/tni_ws/build/joy -- -j2 -l2
[0.283s] Invoking command in '/home/alphanomeno/tni_ws/build/joy': CMAKE_PREFIX_PATH=/opt/ros/humble /usr/bin/cmake --install /home/alphanomeno/tni_ws/build/joy
[0.291s] -- Install configuration: ""
[0.291s] -- Up-to-date: /home/alphanomeno/tni_ws/install/joy/lib/libjoy.so
[0.292s] -- Up-to-date: /home/alphanomeno/tni_ws/install/joy/lib/joy/joy_node
[0.292s] -- Up-to-date: /home/alphanomeno/tni_ws/install/joy/lib/libgame_controller.so
[0.293s] -- Up-to-date: /home/alphanomeno/tni_ws/install/joy/lib/joy/game_controller_node
[0.293s] -- Up-to-date: /home/alphanomeno/tni_ws/install/joy/lib/joy/joy_enumerate_devices
[0.293s] -- Up-to-date: /home/alphanomeno/tni_ws/install/joy/include/joy
[0.293s] -- Up-to-date: /home/alphanomeno/tni_ws/install/joy/include/joy/joy
[0.293s] -- Up-to-date: /home/alphanomeno/tni_ws/install/joy/include/joy/joy/joy.hpp
[0.293s] -- Up-to-date: /home/alphanomeno/tni_ws/install/joy/include/joy/joy/game_controller.hpp
[0.294s] -- Up-to-date: /home/alphanomeno/tni_ws/install/joy/share/joy/config
[0.294s] -- Up-to-date: /home/alphanomeno/tni_ws/install/joy/share/joy/config/joy-params.yaml
[0.294s] -- Up-to-date: /home/alphanomeno/tni_ws/install/joy/share/joy/launch
[0.294s] -- Up-to-date: /home/alphanomeno/tni_ws/install/joy/share/joy/launch/joy-composed-launch.py
[0.294s] -- Up-to-date: /home/alphanomeno/tni_ws/install/joy/share/joy/launch/joy-launch.py
[0.294s] -- Up-to-date: /home/alphanomeno/tni_ws/install/joy/share/ament_index/resource_index/package_run_dependencies/joy
[0.294s] -- Up-to-date: /home/alphanomeno/tni_ws/install/joy/share/ament_index/resource_index/parent_prefix_path/joy
[0.294s] -- Up-to-date: /home/alphanomeno/tni_ws/install/joy/share/joy/environment/ament_prefix_path.sh
[0.294s] -- Up-to-date: /home/alphanomeno/tni_ws/install/joy/share/joy/environment/ament_prefix_path.dsv
[0.294s] -- Up-to-date: /home/alphanomeno/tni_ws/install/joy/share/joy/environment/path.sh
[0.294s] -- Up-to-date: /home/alphanomeno/tni_ws/install/joy/share/joy/environment/path.dsv
[0.294s] -- Up-to-date: /home/alphanomeno/tni_ws/install/joy/share/joy/local_setup.bash
[0.295s] -- Up-to-date: /home/alphanomeno/tni_ws/install/joy/share/joy/local_setup.sh
[0.295s] -- Up-to-date: /home/alphanomeno/tni_ws/install/joy/share/joy/local_setup.zsh
[0.295s] -- Up-to-date: /home/alphanomeno/tni_ws/install/joy/share/joy/local_setup.dsv
[0.296s] -- Installing: /home/alphanomeno/tni_ws/install/joy/share/joy/package.dsv
[0.296s] -- Up-to-date: /home/alphanomeno/tni_ws/install/joy/share/ament_index/resource_index/packages/joy
[0.296s] -- Up-to-date: /home/alphanomeno/tni_ws/install/joy/share/ament_index/resource_index/rclcpp_components/joy
[0.296s] -- Up-to-date: /home/alphanomeno/tni_ws/install/joy/share/joy/cmake/export_joyExport.cmake
[0.297s] -- Up-to-date: /home/alphanomeno/tni_ws/install/joy/share/joy/cmake/export_joyExport-noconfig.cmake
[0.297s] -- Up-to-date: /home/alphanomeno/tni_ws/install/joy/share/joy/cmake/export_game_controllerExport.cmake
[0.297s] -- Up-to-date: /home/alphanomeno/tni_ws/install/joy/share/joy/cmake/export_game_controllerExport-noconfig.cmake
[0.297s] -- Up-to-date: /home/alphanomeno/tni_ws/install/joy/share/joy/cmake/ament_cmake_export_targets-extras.cmake
[0.297s] -- Up-to-date: /home/alphanomeno/tni_ws/install/joy/share/joy/cmake/ament_cmake_export_dependencies-extras.cmake
[0.297s] -- Up-to-date: /home/alphanomeno/tni_ws/install/joy/share/joy/cmake/joyConfig.cmake
[0.297s] -- Up-to-date: /home/alphanomeno/tni_ws/install/joy/share/joy/cmake/joyConfig-version.cmake
[0.297s] -- Up-to-date: /home/alphanomeno/tni_ws/install/joy/share/joy/package.xml
[0.303s] Invoked command in '/home/alphanomeno/tni_ws/build/joy' returned '0': CMAKE_PREFIX_PATH=/opt/ros/humble /usr/bin/cmake --install /home/alphanomeno/tni_ws/build/joy
