[0.019s] Invoking command in '/home/alphanomeno/tni_ws/build/joy': CMAKE_PREFIX_PATH=/opt/ros/humble /usr/bin/cmake /home/alphanomeno/tni_ws/src/joy -DCMAKE_INSTALL_PREFIX=/home/alphanomeno/tni_ws/install/joy
[0.126s] -- The C compiler identification is GNU 11.4.0
[0.197s] -- The CXX compiler identification is GNU 11.4.0
[0.213s] -- Detecting C compiler ABI info
[0.300s] -- Detecting C compiler ABI info - done
[0.305s] -- Check for working C compiler: /usr/bin/cc - skipped
[0.306s] -- Detecting C compile features
[0.307s] -- Detecting C compile features - done
[0.313s] -- Detecting CXX compiler ABI info
[0.417s] -- Detecting CXX compiler ABI info - done
[0.423s] -- Check for working CXX compiler: /usr/bin/c++ - skipped
[0.423s] -- Detecting CXX compile features
[0.424s] -- Detecting CXX compile features - done
[0.437s] -- Found ament_cmake_ros: 0.10.0 (/opt/ros/humble/share/ament_cmake_ros/cmake)
[0.617s] -- Found Python3: /usr/bin/python3 (found version "3.10.12") found components: Interpreter 
[0.769s] -- Found rclcpp: 16.0.8 (/opt/ros/humble/share/rclcpp/cmake)
[0.870s] -- Found rosidl_generator_c: 3.1.5 (/opt/ros/humble/share/rosidl_generator_c/cmake)
[0.880s] -- Found rosidl_adapter: 3.1.5 (/opt/ros/humble/share/rosidl_adapter/cmake)
[0.897s] -- Found rosidl_generator_cpp: 3.1.5 (/opt/ros/humble/share/rosidl_generator_cpp/cmake)
[0.925s] -- Using all available rosidl_typesupport_c: rosidl_typesupport_fastrtps_c;rosidl_typesupport_introspection_c
[0.964s] -- Using all available rosidl_typesupport_cpp: rosidl_typesupport_fastrtps_cpp;rosidl_typesupport_introspection_cpp
[1.086s] -- Found rmw_implementation_cmake: 6.1.1 (/opt/ros/humble/share/rmw_implementation_cmake/cmake)
[1.092s] -- Found rmw_fastrtps_cpp: 6.2.6 (/opt/ros/humble/share/rmw_fastrtps_cpp/cmake)
[1.242s] -- Found OpenSSL: /usr/lib/x86_64-linux-gnu/libcrypto.so (found version "3.0.2")  
[1.275s] -- Found FastRTPS: /opt/ros/humble/include  
[1.327s] -- Using RMW implementation 'rmw_fastrtps_cpp' as default
[1.350s] -- Looking for pthread.h
[1.436s] -- Looking for pthread.h - found
[1.436s] -- Performing Test CMAKE_HAVE_LIBC_PTHREAD
[1.523s] -- Performing Test CMAKE_HAVE_LIBC_PTHREAD - Success
[1.524s] -- Found Threads: TRUE  
[1.724s] -- Found rclcpp_components: 16.0.8 (/opt/ros/humble/share/rclcpp_components/cmake)
[1.819s] -- Found sdl2_vendor: 3.3.0 (/opt/ros/humble/share/sdl2_vendor/cmake)
[1.830s] -- Found sensor_msgs: 4.2.3 (/opt/ros/humble/share/sensor_msgs/cmake)
[1.996s] -- Found ament_lint_auto: 0.12.10 (/opt/ros/humble/share/ament_lint_auto/cmake)
[2.099s] -- Added test 'cppcheck' to perform static code analysis on C / C++ code
[2.099s] -- Configured cppcheck include dirs: $<BUILD_INTERFACE:/home/alphanomeno/tni_ws/src/joy/include>
[2.099s] -- Configured cppcheck exclude dirs and/or files: 
[2.101s] -- Added test 'cpplint' to check C / C++ code against the Google style
[2.101s] -- Configured cpplint exclude dirs and/or files: 
[2.102s] -- Added test 'flake8' to check Python code syntax and style conventions
[2.105s] -- Added test 'lint_cmake' to check CMake code style
[2.106s] -- Added test 'pep257' to check Python code against some of the docstring style conventions in PEP 257
[2.108s] -- Added test 'uncrustify' to check C / C++ code style
[2.108s] -- Configured uncrustify additional arguments: 
[2.109s] -- Added test 'xmllint' to check XML markup files
[2.112s] -- Configuring done
[2.138s] -- Generating done
[2.140s] -- Build files have been written to: /home/alphanomeno/tni_ws/build/joy
[2.153s] Invoked command in '/home/alphanomeno/tni_ws/build/joy' returned '0': CMAKE_PREFIX_PATH=/opt/ros/humble /usr/bin/cmake /home/alphanomeno/tni_ws/src/joy -DCMAKE_INSTALL_PREFIX=/home/alphanomeno/tni_ws/install/joy
[2.155s] Invoking command in '/home/alphanomeno/tni_ws/build/joy': CMAKE_PREFIX_PATH=/opt/ros/humble /usr/bin/cmake --build /home/alphanomeno/tni_ws/build/joy -- -j2 -l2
[2.239s] [ 10%] [32mBuilding CXX object CMakeFiles/joy.dir/src/joy.cpp.o[0m
[2.240s] [ 20%] [32mBuilding CXX object CMakeFiles/joy_node.dir/rclcpp_components/node_main_joy_node.cpp.o[0m
[5.929s] [ 30%] [32m[1mLinking CXX executable joy_node[0m
[6.123s] [ 30%] Built target joy_node
[6.164s] [ 40%] [32mBuilding CXX object CMakeFiles/game_controller.dir/src/game_controller.cpp.o[0m
[12.543s] [ 50%] [32m[1mLinking CXX shared library libjoy.so[0m
[13.244s] [ 50%] Built target joy
[13.279s] [ 60%] [32mBuilding CXX object CMakeFiles/game_controller_node.dir/rclcpp_components/node_main_game_controller_node.cpp.o[0m
[16.250s] [ 70%] [32m[1mLinking CXX shared library libgame_controller.so[0m
[16.675s] [ 70%] Built target game_controller
[16.704s] [ 80%] [32mBuilding CXX object CMakeFiles/joy_enumerate_devices.dir/src/joy_enumerate_devices.cpp.o[0m
[16.899s] [ 90%] [32m[1mLinking CXX executable game_controller_node[0m
[17.079s] [ 90%] Built target game_controller_node
[17.266s] [100%] [32m[1mLinking CXX executable joy_enumerate_devices[0m
[17.397s] [100%] Built target joy_enumerate_devices
[17.412s] Invoked command in '/home/alphanomeno/tni_ws/build/joy' returned '0': CMAKE_PREFIX_PATH=/opt/ros/humble /usr/bin/cmake --build /home/alphanomeno/tni_ws/build/joy -- -j2 -l2
[17.494s] Invoking command in '/home/alphanomeno/tni_ws/build/joy': CMAKE_PREFIX_PATH=/opt/ros/humble /usr/bin/cmake --install /home/alphanomeno/tni_ws/build/joy
[17.503s] -- Install configuration: ""
[17.505s] -- Installing: /home/alphanomeno/tni_ws/install/joy/lib/libjoy.so
[17.516s] -- Set runtime path of "/home/alphanomeno/tni_ws/install/joy/lib/libjoy.so" to ""
[17.517s] -- Installing: /home/alphanomeno/tni_ws/install/joy/lib/joy/joy_node
[17.518s] -- Set runtime path of "/home/alphanomeno/tni_ws/install/joy/lib/joy/joy_node" to ""
[17.518s] -- Installing: /home/alphanomeno/tni_ws/install/joy/lib/libgame_controller.so
[17.529s] -- Set runtime path of "/home/alphanomeno/tni_ws/install/joy/lib/libgame_controller.so" to ""
[17.529s] -- Installing: /home/alphanomeno/tni_ws/install/joy/lib/joy/game_controller_node
[17.530s] -- Set runtime path of "/home/alphanomeno/tni_ws/install/joy/lib/joy/game_controller_node" to ""
[17.530s] -- Installing: /home/alphanomeno/tni_ws/install/joy/lib/joy/joy_enumerate_devices
[17.531s] -- Installing: /home/alphanomeno/tni_ws/install/joy/include/joy
[17.532s] -- Installing: /home/alphanomeno/tni_ws/install/joy/include/joy/joy
[17.532s] -- Installing: /home/alphanomeno/tni_ws/install/joy/include/joy/joy/joy.hpp
[17.533s] -- Installing: /home/alphanomeno/tni_ws/install/joy/include/joy/joy/game_controller.hpp
[17.533s] -- Installing: /home/alphanomeno/tni_ws/install/joy/share/joy/config
[17.534s] -- Installing: /home/alphanomeno/tni_ws/install/joy/share/joy/config/joy-params.yaml
[17.535s] -- Installing: /home/alphanomeno/tni_ws/install/joy/share/joy/launch
[17.536s] -- Installing: /home/alphanomeno/tni_ws/install/joy/share/joy/launch/joy-composed-launch.py
[17.536s] -- Installing: /home/alphanomeno/tni_ws/install/joy/share/joy/launch/joy-launch.py
[17.537s] -- Installing: /home/alphanomeno/tni_ws/install/joy/share/ament_index/resource_index/package_run_dependencies/joy
[17.547s] -- Installing: /home/alphanomeno/tni_ws/install/joy/share/ament_index/resource_index/parent_prefix_path/joy
[17.550s] -- Installing: /home/alphanomeno/tni_ws/install/joy/share/joy/environment/ament_prefix_path.sh
[17.551s] -- Installing: /home/alphanomeno/tni_ws/install/joy/share/joy/environment/ament_prefix_path.dsv
[17.551s] -- Installing: /home/alphanomeno/tni_ws/install/joy/share/joy/environment/path.sh
[17.552s] -- Installing: /home/alphanomeno/tni_ws/install/joy/share/joy/environment/path.dsv
[17.553s] -- Installing: /home/alphanomeno/tni_ws/install/joy/share/joy/local_setup.bash
[17.554s] -- Installing: /home/alphanomeno/tni_ws/install/joy/share/joy/local_setup.sh
[17.554s] -- Installing: /home/alphanomeno/tni_ws/install/joy/share/joy/local_setup.zsh
[17.556s] -- Installing: /home/alphanomeno/tni_ws/install/joy/share/joy/local_setup.dsv
[17.556s] -- Installing: /home/alphanomeno/tni_ws/install/joy/share/joy/package.dsv
[17.557s] -- Installing: /home/alphanomeno/tni_ws/install/joy/share/ament_index/resource_index/packages/joy
[17.558s] -- Installing: /home/alphanomeno/tni_ws/install/joy/share/ament_index/resource_index/rclcpp_components/joy
[17.559s] -- Installing: /home/alphanomeno/tni_ws/install/joy/share/joy/cmake/export_joyExport.cmake
[17.560s] -- Installing: /home/alphanomeno/tni_ws/install/joy/share/joy/cmake/export_joyExport-noconfig.cmake
[17.561s] -- Installing: /home/alphanomeno/tni_ws/install/joy/share/joy/cmake/export_game_controllerExport.cmake
[17.561s] -- Installing: /home/alphanomeno/tni_ws/install/joy/share/joy/cmake/export_game_controllerExport-noconfig.cmake
[17.562s] -- Installing: /home/alphanomeno/tni_ws/install/joy/share/joy/cmake/ament_cmake_export_targets-extras.cmake
[17.563s] -- Installing: /home/alphanomeno/tni_ws/install/joy/share/joy/cmake/ament_cmake_export_dependencies-extras.cmake
[17.564s] -- Installing: /home/alphanomeno/tni_ws/install/joy/share/joy/cmake/joyConfig.cmake
[17.565s] -- Installing: /home/alphanomeno/tni_ws/install/joy/share/joy/cmake/joyConfig-version.cmake
[17.566s] -- Installing: /home/alphanomeno/tni_ws/install/joy/share/joy/package.xml
[17.570s] Invoked command in '/home/alphanomeno/tni_ws/build/joy' returned '0': CMAKE_PREFIX_PATH=/opt/ros/humble /usr/bin/cmake --install /home/alphanomeno/tni_ws/build/joy
