[0.040s] Invoking command in '/home/alphanomeno/tni_ws/build/joy': CMAKE_PREFIX_PATH=/opt/ros/humble /usr/bin/cmake --build /home/alphanomeno/tni_ws/build/joy -- -j2 -l2
[0.261s] [35m[1mConsolidate compiler generated dependencies of target joy[0m
[0.288s] [35m[1mConsolidate compiler generated dependencies of target joy_node[0m
[0.391s] [ 20%] Built target joy_node
[0.399s] [ 40%] Built target joy
[0.410s] [35m[1mConsolidate compiler generated dependencies of target game_controller[0m
[0.420s] [35m[1mConsolidate compiler generated dependencies of target game_controller_node[0m
[0.436s] [ 60%] Built target game_controller
[0.445s] [ 80%] Built target game_controller_node
[0.464s] [35m[1mConsolidate compiler generated dependencies of target joy_enumerate_devices[0m
[0.482s] [100%] Built target joy_enumerate_devices
[0.498s] Invoked command in '/home/alphanomeno/tni_ws/build/joy' returned '0': CMAKE_PREFIX_PATH=/opt/ros/humble /usr/bin/cmake --build /home/alphanomeno/tni_ws/build/joy -- -j2 -l2
[0.594s] Invoking command in '/home/alphanomeno/tni_ws/build/joy': CMAKE_PREFIX_PATH=/opt/ros/humble /usr/bin/cmake --install /home/alphanomeno/tni_ws/build/joy
[0.604s] -- Install configuration: ""
[0.608s] -- Up-to-date: /home/alphanomeno/tni_ws/install/joy/lib/libjoy.so
[0.610s] -- Up-to-date: /home/alphanomeno/tni_ws/install/joy/lib/joy/joy_node
[0.612s] -- Up-to-date: /home/alphanomeno/tni_ws/install/joy/lib/libgame_controller.so
[0.614s] -- Up-to-date: /home/alphanomeno/tni_ws/install/joy/lib/joy/game_controller_node
[0.616s] -- Up-to-date: /home/alphanomeno/tni_ws/install/joy/lib/joy/joy_enumerate_devices
[0.616s] -- Up-to-date: /home/alphanomeno/tni_ws/install/joy/include/joy
[0.617s] -- Up-to-date: /home/alphanomeno/tni_ws/install/joy/include/joy/joy
[0.618s] -- Up-to-date: /home/alphanomeno/tni_ws/install/joy/include/joy/joy/joy.hpp
[0.618s] -- Up-to-date: /home/alphanomeno/tni_ws/install/joy/include/joy/joy/game_controller.hpp
[0.619s] -- Up-to-date: /home/alphanomeno/tni_ws/install/joy/share/joy/config
[0.620s] -- Up-to-date: /home/alphanomeno/tni_ws/install/joy/share/joy/config/joy-params.yaml
[0.620s] -- Up-to-date: /home/alphanomeno/tni_ws/install/joy/share/joy/launch
[0.621s] -- Up-to-date: /home/alphanomeno/tni_ws/install/joy/share/joy/launch/joy-composed-launch.py
[0.621s] -- Up-to-date: /home/alphanomeno/tni_ws/install/joy/share/joy/launch/joy-launch.py
[0.623s] -- Up-to-date: /home/alphanomeno/tni_ws/install/joy/share/ament_index/resource_index/package_run_dependencies/joy
[0.623s] -- Up-to-date: /home/alphanomeno/tni_ws/install/joy/share/ament_index/resource_index/parent_prefix_path/joy
[0.625s] -- Up-to-date: /home/alphanomeno/tni_ws/install/joy/share/joy/environment/ament_prefix_path.sh
[0.625s] -- Up-to-date: /home/alphanomeno/tni_ws/install/joy/share/joy/environment/ament_prefix_path.dsv
[0.625s] -- Up-to-date: /home/alphanomeno/tni_ws/install/joy/share/joy/environment/path.sh
[0.625s] -- Up-to-date: /home/alphanomeno/tni_ws/install/joy/share/joy/environment/path.dsv
[0.625s] -- Up-to-date: /home/alphanomeno/tni_ws/install/joy/share/joy/local_setup.bash
[0.625s] -- Up-to-date: /home/alphanomeno/tni_ws/install/joy/share/joy/local_setup.sh
[0.625s] -- Up-to-date: /home/alphanomeno/tni_ws/install/joy/share/joy/local_setup.zsh
[0.626s] -- Up-to-date: /home/alphanomeno/tni_ws/install/joy/share/joy/local_setup.dsv
[0.626s] -- Installing: /home/alphanomeno/tni_ws/install/joy/share/joy/package.dsv
[0.627s] -- Up-to-date: /home/alphanomeno/tni_ws/install/joy/share/ament_index/resource_index/packages/joy
[0.627s] -- Up-to-date: /home/alphanomeno/tni_ws/install/joy/share/ament_index/resource_index/rclcpp_components/joy
[0.631s] -- Up-to-date: /home/alphanomeno/tni_ws/install/joy/share/joy/cmake/export_joyExport.cmake
[0.631s] -- Up-to-date: /home/alphanomeno/tni_ws/install/joy/share/joy/cmake/export_joyExport-noconfig.cmake
[0.632s] -- Up-to-date: /home/alphanomeno/tni_ws/install/joy/share/joy/cmake/export_game_controllerExport.cmake
[0.633s] -- Up-to-date: /home/alphanomeno/tni_ws/install/joy/share/joy/cmake/export_game_controllerExport-noconfig.cmake
[0.633s] -- Up-to-date: /home/alphanomeno/tni_ws/install/joy/share/joy/cmake/ament_cmake_export_targets-extras.cmake
[0.633s] -- Up-to-date: /home/alphanomeno/tni_ws/install/joy/share/joy/cmake/ament_cmake_export_dependencies-extras.cmake
[0.633s] -- Up-to-date: /home/alphanomeno/tni_ws/install/joy/share/joy/cmake/joyConfig.cmake
[0.633s] -- Up-to-date: /home/alphanomeno/tni_ws/install/joy/share/joy/cmake/joyConfig-version.cmake
[0.633s] -- Up-to-date: /home/alphanomeno/tni_ws/install/joy/share/joy/package.xml
[0.635s] Invoked command in '/home/alphanomeno/tni_ws/build/joy' returned '0': CMAKE_PREFIX_PATH=/opt/ros/humble /usr/bin/cmake --install /home/alphanomeno/tni_ws/build/joy
